TN:
SF:config/database.js
FNF:0
FNH:0
DA:1,11
DA:2,11
DA:4,11
DA:14,11
LF:4
LH:4
BRDA:5,0,0,11
BRDA:5,0,1,0
BRDA:6,1,0,11
BRDA:6,1,1,0
BRDA:7,2,0,11
BRDA:7,2,1,0
BRDA:8,3,0,11
BRDA:8,3,1,0
BRF:8
BRH:4
end_of_record
TN:
SF:controllers/adminController.js
FN:5,(anonymous_0)
FN:69,(anonymous_1)
FN:104,(anonymous_2)
FN:137,(anonymous_3)
FNF:4
FNH:1
FNDA:6,(anonymous_0)
FNDA:0,(anonymous_1)
FNDA:0,(anonymous_2)
FNDA:0,(anonymous_3)
DA:1,10
DA:2,10
DA:5,10
DA:6,6
DA:7,6
DA:9,6
DA:20,6
DA:23,6
DA:24,1
DA:25,1
DA:27,6
DA:28,1
DA:29,1
DA:33,6
DA:34,2
DA:35,4
DA:36,1
DA:39,6
DA:41,6
DA:44,6
DA:45,8
DA:49,8
DA:52,8
DA:53,0
DA:57,0
DA:61,6
DA:63,0
DA:64,0
DA:69,10
DA:70,0
DA:71,0
DA:88,0
DA:89,0
DA:93,0
DA:96,0
DA:98,0
DA:99,0
DA:104,10
DA:105,0
DA:106,0
DA:107,0
DA:110,0
DA:115,0
DA:116,0
DA:119,0
DA:120,0
DA:124,0
DA:129,0
DA:131,0
DA:132,0
DA:137,10
DA:138,0
DA:140,0
DA:141,0
DA:142,0
DA:143,0
DA:146,0
DA:147,0
DA:151,0
DA:156,0
DA:157,0
DA:160,0
DA:162,0
DA:163,0
DA:164,0
DA:166,0
DA:170,0
DA:173,0
DA:179,0
DA:180,0
DA:187,0
DA:189,0
DA:192,0
DA:193,0
DA:194,0
DA:196,0
DA:200,10
LF:77
LH:28
BRDA:23,0,0,1
BRDA:23,0,1,5
BRDA:27,1,0,1
BRDA:27,1,1,5
BRDA:33,2,0,2
BRDA:33,2,1,4
BRDA:35,3,0,1
BRDA:35,3,1,3
BRDA:52,4,0,0
BRDA:52,4,1,8
BRDA:115,5,0,0
BRDA:115,5,1,0
BRDA:119,6,0,0
BRDA:119,6,1,0
BRDA:146,7,0,0
BRDA:146,7,1,0
BRDA:146,8,0,0
BRDA:146,8,1,0
BRDA:146,8,2,0
BRDA:156,9,0,0
BRDA:156,9,1,0
BRDA:162,10,0,0
BRDA:162,10,1,0
BRDA:163,11,0,0
BRDA:163,11,1,0
BRF:25
BRH:9
end_of_record
TN:
SF:controllers/announcementController.js
FN:5,(anonymous_0)
FN:21,(anonymous_1)
FN:50,(anonymous_2)
FN:104,(anonymous_3)
FNF:4
FNH:0
FNDA:0,(anonymous_0)
FNDA:0,(anonymous_1)
FNDA:0,(anonymous_2)
FNDA:0,(anonymous_3)
DA:1,10
DA:2,10
DA:5,10
DA:6,0
DA:7,0
DA:13,0
DA:15,0
DA:16,0
DA:21,10
DA:22,0
DA:23,0
DA:24,0
DA:27,0
DA:28,0
DA:32,0
DA:38,0
DA:44,0
DA:45,0
DA:50,10
DA:51,0
DA:52,0
DA:53,0
DA:56,0
DA:61,0
DA:62,0
DA:66,0
DA:67,0
DA:69,0
DA:70,0
DA:71,0
DA:73,0
DA:74,0
DA:76,0
DA:77,0
DA:78,0
DA:80,0
DA:81,0
DA:84,0
DA:85,0
DA:88,0
DA:91,0
DA:96,0
DA:98,0
DA:99,0
DA:104,10
DA:105,0
DA:106,0
DA:109,0
DA:114,0
DA:115,0
DA:119,0
DA:124,0
DA:126,0
DA:127,0
DA:131,10
LF:55
LH:7
BRDA:27,0,0,0
BRDA:27,0,1,0
BRDA:27,1,0,0
BRDA:27,1,1,0
BRDA:61,2,0,0
BRDA:61,2,1,0
BRDA:69,3,0,0
BRDA:69,3,1,0
BRDA:70,4,0,0
BRDA:70,4,1,0
BRDA:76,5,0,0
BRDA:76,5,1,0
BRDA:77,6,0,0
BRDA:77,6,1,0
BRDA:84,7,0,0
BRDA:84,7,1,0
BRDA:114,8,0,0
BRDA:114,8,1,0
BRF:18
BRH:0
end_of_record
TN:
SF:controllers/authController.js
FN:8,(anonymous_0)
FN:85,(anonymous_1)
FN:140,(anonymous_2)
FNF:3
FNH:3
FNDA:17,(anonymous_0)
FNDA:5,(anonymous_1)
FNDA:9,(anonymous_2)
DA:1,10
DA:2,10
DA:3,10
DA:4,10
DA:5,10
DA:8,10
DA:9,17
DA:10,17
DA:13,17
DA:14,1
DA:17,16
DA:18,1
DA:21,15
DA:22,1
DA:26,14
DA:31,14
DA:32,1
DA:35,13
DA:36,13
DA:39,13
DA:40,2
DA:42,13
DA:43,2
DA:45,13
DA:46,2
DA:48,13
DA:49,1
DA:53,13
DA:54,5
DA:58,8
DA:63,8
DA:64,1
DA:68,7
DA:71,7
DA:77,7
DA:79,0
DA:80,0
DA:85,10
DA:86,5
DA:87,5
DA:90,5
DA:91,0
DA:95,5
DA:100,5
DA:101,0
DA:104,5
DA:107,5
DA:108,5
DA:109,0
DA:113,5
DA:114,0
DA:118,5
DA:124,5
DA:134,0
DA:135,0
DA:140,10
DA:141,9
DA:142,9
DA:145,9
DA:146,1
DA:149,8
DA:150,1
DA:153,7
DA:154,1
DA:158,6
DA:163,6
DA:164,5
DA:168,1
DA:171,1
DA:176,1
DA:178,0
DA:179,0
DA:184,10
LF:73
LH:63
BRDA:13,0,0,1
BRDA:13,0,1,16
BRDA:13,1,0,17
BRDA:13,1,1,17
BRDA:13,1,2,16
BRDA:13,1,3,16
BRDA:13,1,4,16
BRDA:13,1,5,16
BRDA:13,1,6,16
BRDA:17,2,0,1
BRDA:17,2,1,15
BRDA:21,3,0,1
BRDA:21,3,1,14
BRDA:31,4,0,1
BRDA:31,4,1,13
BRDA:39,5,0,2
BRDA:39,5,1,11
BRDA:42,6,0,2
BRDA:42,6,1,11
BRDA:45,7,0,2
BRDA:45,7,1,11
BRDA:48,8,0,1
BRDA:48,8,1,12
BRDA:53,9,0,5
BRDA:53,9,1,8
BRDA:63,10,0,1
BRDA:63,10,1,7
BRDA:74,11,0,7
BRDA:74,11,1,6
BRDA:90,12,0,0
BRDA:90,12,1,5
BRDA:90,13,0,5
BRDA:90,13,1,5
BRDA:100,14,0,0
BRDA:100,14,1,5
BRDA:108,15,0,0
BRDA:108,15,1,5
BRDA:113,16,0,0
BRDA:113,16,1,5
BRDA:113,17,0,5
BRDA:113,17,1,0
BRDA:145,18,0,1
BRDA:145,18,1,8
BRDA:145,19,0,9
BRDA:145,19,1,9
BRDA:145,19,2,8
BRDA:145,19,3,8
BRDA:145,19,4,8
BRDA:145,19,5,8
BRDA:149,20,0,1
BRDA:149,20,1,7
BRDA:153,21,0,1
BRDA:153,21,1,6
BRDA:163,22,0,5
BRDA:163,22,1,1
BRF:55
BRH:50
end_of_record
TN:
SF:controllers/evaluationController.js
FN:5,(anonymous_0)
FN:72,(anonymous_1)
FN:94,(anonymous_2)
FNF:3
FNH:0
FNDA:0,(anonymous_0)
FNDA:0,(anonymous_1)
FNDA:0,(anonymous_2)
DA:1,10
DA:2,10
DA:5,10
DA:6,0
DA:7,0
DA:8,0
DA:11,0
DA:12,0
DA:16,0
DA:17,0
DA:21,0
DA:26,0
DA:27,0
DA:30,0
DA:33,0
DA:34,0
DA:38,0
DA:39,0
DA:43,0
DA:48,0
DA:49,0
DA:53,0
DA:59,0
DA:66,0
DA:67,0
DA:72,10
DA:73,0
DA:74,0
DA:76,0
DA:86,0
DA:88,0
DA:89,0
DA:94,10
DA:95,0
DA:96,0
DA:106,0
DA:108,0
DA:109,0
DA:113,10
LF:39
LH:6
BRDA:11,0,0,0
BRDA:11,0,1,0
BRDA:11,1,0,0
BRDA:11,1,1,0
BRDA:16,2,0,0
BRDA:16,2,1,0
BRDA:16,3,0,0
BRDA:16,3,1,0
BRDA:26,4,0,0
BRDA:26,4,1,0
BRDA:33,5,0,0
BRDA:33,5,1,0
BRDA:38,6,0,0
BRDA:38,6,1,0
BRDA:48,7,0,0
BRDA:48,7,1,0
BRDA:56,8,0,0
BRDA:56,8,1,0
BRF:18
BRH:0
end_of_record
TN:
SF:controllers/orderController.js
FN:5,(anonymous_0)
FN:34,(anonymous_1)
FN:61,(anonymous_2)
FN:95,(anonymous_3)
FN:147,(anonymous_4)
FN:209,(anonymous_5)
FN:252,(anonymous_6)
FNF:7
FNH:3
FNDA:0,(anonymous_0)
FNDA:0,(anonymous_1)
FNDA:0,(anonymous_2)
FNDA:0,(anonymous_3)
FNDA:6,(anonymous_4)
FNDA:6,(anonymous_5)
FNDA:11,(anonymous_6)
DA:1,10
DA:2,10
DA:5,10
DA:6,0
DA:7,0
DA:8,0
DA:9,0
DA:12,0
DA:13,0
DA:17,0
DA:18,0
DA:21,0
DA:24,0
DA:30,0
DA:33,0
DA:34,0
DA:35,0
DA:41,0
DA:44,0
DA:50,0
DA:52,0
DA:53,0
DA:54,0
DA:56,0
DA:61,10
DA:62,0
DA:63,0
DA:64,0
DA:67,0
DA:68,0
DA:69,0
DA:71,0
DA:72,0
DA:73,0
DA:75,0
DA:76,0
DA:79,0
DA:87,0
DA:89,0
DA:90,0
DA:95,10
DA:96,0
DA:97,0
DA:98,0
DA:101,0
DA:108,0
DA:109,0
DA:112,0
DA:115,0
DA:121,0
DA:127,0
DA:132,0
DA:139,0
DA:141,0
DA:142,0
DA:147,10
DA:148,6
DA:149,6
DA:150,6
DA:153,6
DA:160,6
DA:161,2
DA:164,4
DA:167,4
DA:168,1
DA:172,3
DA:173,1
DA:177,2
DA:178,2
DA:179,2
DA:181,2
DA:182,1
DA:186,1
DA:194,1
DA:201,1
DA:203,0
DA:204,0
DA:209,10
DA:210,6
DA:211,6
DA:212,6
DA:215,6
DA:221,6
DA:222,1
DA:225,5
DA:228,5
DA:229,1
DA:233,4
DA:234,3
DA:238,1
DA:243,1
DA:245,0
DA:246,0
DA:252,10
DA:253,11
DA:254,11
DA:255,11
DA:256,11
DA:257,11
DA:260,11
DA:261,0
DA:265,11
DA:266,1
DA:270,10
DA:271,2
DA:275,8
DA:280,8
DA:281,1
DA:284,7
DA:287,7
DA:288,1
DA:292,6
DA:293,1
DA:297,5
DA:303,5
DA:304,1
DA:307,4
DA:310,4
DA:311,1
DA:315,3
DA:316,3
DA:317,3
DA:318,3
DA:319,1
DA:323,2
DA:330,2
DA:336,0
DA:337,0
DA:341,10
LF:129
LH:72
BRDA:12,0,0,0
BRDA:12,0,1,0
BRDA:12,1,0,0
BRDA:12,1,1,0
BRDA:12,1,2,0
BRDA:12,1,3,0
BRDA:12,1,4,0
BRDA:17,2,0,0
BRDA:17,2,1,0
BRDA:33,3,0,0
BRDA:33,3,1,0
BRDA:33,4,0,0
BRDA:33,4,1,0
BRDA:33,4,2,0
BRDA:71,5,0,0
BRDA:71,5,1,0
BRDA:72,6,0,0
BRDA:72,6,1,0
BRDA:108,7,0,0
BRDA:108,7,1,0
BRDA:136,8,0,0
BRDA:136,8,1,0
BRDA:160,9,0,2
BRDA:160,9,1,4
BRDA:160,10,0,6
BRDA:160,10,1,5
BRDA:167,11,0,1
BRDA:167,11,1,3
BRDA:172,12,0,1
BRDA:172,12,1,2
BRDA:181,13,0,1
BRDA:181,13,1,1
BRDA:221,14,0,1
BRDA:221,14,1,5
BRDA:228,15,0,1
BRDA:228,15,1,4
BRDA:233,16,0,3
BRDA:233,16,1,1
BRDA:260,17,0,0
BRDA:260,17,1,11
BRDA:265,18,0,1
BRDA:265,18,1,10
BRDA:265,19,0,11
BRDA:265,19,1,11
BRDA:270,20,0,2
BRDA:270,20,1,8
BRDA:270,21,0,10
BRDA:270,21,1,9
BRDA:280,22,0,1
BRDA:280,22,1,7
BRDA:287,23,0,1
BRDA:287,23,1,6
BRDA:292,24,0,1
BRDA:292,24,1,5
BRDA:303,25,0,1
BRDA:303,25,1,4
BRDA:303,26,0,5
BRDA:303,26,1,4
BRDA:310,27,0,1
BRDA:310,27,1,3
BRDA:318,28,0,1
BRDA:318,28,1,2
BRDA:327,29,0,2
BRDA:327,29,1,0
BRF:64
BRH:40
end_of_record
TN:
SF:controllers/repairmanController.js
FN:8,(anonymous_0)
FN:51,(anonymous_1)
FN:68,(anonymous_2)
FN:146,(anonymous_3)
FNF:4
FNH:4
FNDA:5,(anonymous_0)
FNDA:1,(anonymous_1)
FNDA:4,(anonymous_2)
FNDA:2,(anonymous_3)
DA:1,10
DA:2,10
DA:3,10
DA:5,10
DA:8,10
DA:9,5
DA:10,5
DA:13,5
DA:14,2
DA:18,3
DA:23,3
DA:24,1
DA:28,2
DA:31,2
DA:37,2
DA:45,0
DA:46,0
DA:51,10
DA:52,1
DA:53,1
DA:60,1
DA:62,0
DA:63,0
DA:68,10
DA:69,4
DA:70,4
DA:71,4
DA:74,4
DA:79,4
DA:80,1
DA:84,3
DA:85,0
DA:90,0
DA:91,0
DA:96,3
DA:97,3
DA:99,3
DA:100,0
DA:101,0
DA:104,3
DA:105,1
DA:106,1
DA:107,1
DA:110,3
DA:111,1
DA:112,1
DA:115,3
DA:116,1
DA:117,1
DA:120,3
DA:121,1
DA:124,2
DA:126,2
DA:132,2
DA:138,2
DA:140,0
DA:141,0
DA:146,10
DA:147,2
DA:148,2
DA:151,2
DA:156,2
DA:157,1
DA:161,1
DA:167,1
DA:168,0
DA:172,1
DA:177,1
DA:179,0
DA:180,0
DA:184,10
LF:71
LH:57
BRDA:13,0,0,2
BRDA:13,0,1,3
BRDA:13,1,0,5
BRDA:13,1,1,4
BRDA:23,2,0,1
BRDA:23,2,1,2
BRDA:34,3,0,2
BRDA:34,3,1,0
BRDA:34,4,0,2
BRDA:34,4,1,1
BRDA:41,5,0,2
BRDA:41,5,1,0
BRDA:42,6,0,2
BRDA:42,6,1,1
BRDA:79,7,0,1
BRDA:79,7,1,3
BRDA:84,8,0,0
BRDA:84,8,1,3
BRDA:84,9,0,3
BRDA:84,9,1,0
BRDA:90,10,0,0
BRDA:90,10,1,0
BRDA:99,11,0,0
BRDA:99,11,1,3
BRDA:104,12,0,1
BRDA:104,12,1,2
BRDA:110,13,0,1
BRDA:110,13,1,2
BRDA:112,14,0,1
BRDA:112,14,1,0
BRDA:115,15,0,1
BRDA:115,15,1,2
BRDA:117,16,0,1
BRDA:117,16,1,0
BRDA:120,17,0,1
BRDA:120,17,1,2
BRDA:156,18,0,1
BRDA:156,18,1,1
BRDA:167,19,0,0
BRDA:167,19,1,1
BRF:40
BRH:30
end_of_record
TN:
SF:controllers/residentController.js
FN:9,(anonymous_0)
FN:54,(anonymous_1)
FN:99,(anonymous_2)
FN:179,(anonymous_3)
FN:222,(anonymous_4)
FN:239,(anonymous_5)
FN:265,(anonymous_6)
FN:301,(anonymous_7)
FN:347,(anonymous_8)
FN:373,(anonymous_9)
FN:400,(anonymous_10)
FN:403,(anonymous_11)
FN:405,(anonymous_12)
FN:422,(anonymous_13)
FN:423,(anonymous_14)
FN:461,(anonymous_15)
FNF:16
FNH:16
FNDA:4,(anonymous_0)
FNDA:3,(anonymous_1)
FNDA:4,(anonymous_2)
FNDA:3,(anonymous_3)
FNDA:8,(anonymous_4)
FNDA:11,(anonymous_5)
FNDA:11,(anonymous_6)
FNDA:13,(anonymous_7)
FNDA:7,(anonymous_8)
FNDA:2,(anonymous_9)
FNDA:6,(anonymous_10)
FNDA:6,(anonymous_11)
FNDA:1,(anonymous_12)
FNDA:5,(anonymous_13)
FNDA:5,(anonymous_14)
FNDA:1,(anonymous_15)
DA:1,10
DA:2,10
DA:3,10
DA:9,10
DA:10,4
DA:11,4
DA:14,4
DA:15,1
DA:19,3
DA:24,3
DA:25,1
DA:29,2
DA:35,2
DA:44,0
DA:45,0
DA:54,10
DA:55,3
DA:56,3
DA:57,3
DA:59,3
DA:60,3
DA:63,3
DA:64,1
DA:65,1
DA:69,3
DA:70,3
DA:71,3
DA:74,3
DA:75,3
DA:76,3
DA:78,3
DA:80,3
DA:90,0
DA:91,0
DA:99,10
DA:100,4
DA:101,4
DA:102,4
DA:105,4
DA:110,4
DA:111,1
DA:115,3
DA:116,1
DA:121,1
DA:122,1
DA:127,2
DA:128,2
DA:130,2
DA:131,0
DA:132,0
DA:134,2
DA:135,1
DA:136,1
DA:138,2
DA:139,1
DA:140,1
DA:142,2
DA:143,0
DA:144,0
DA:146,2
DA:147,0
DA:148,0
DA:151,2
DA:152,1
DA:155,1
DA:157,1
DA:163,1
DA:168,1
DA:170,0
DA:171,0
DA:179,10
DA:180,3
DA:181,3
DA:184,3
DA:189,3
DA:190,1
DA:194,2
DA:199,2
DA:200,1
DA:204,1
DA:206,1
DA:208,0
DA:209,0
DA:214,10
DA:215,10
DA:222,10
DA:223,8
DA:225,8
DA:226,8
DA:227,8
DA:228,8
DA:231,8
DA:233,8
DA:234,1
DA:235,1
DA:239,7
DA:240,11
DA:243,11
DA:246,11
DA:247,11
DA:248,4
DA:249,4
DA:252,7
DA:255,7
DA:257,0
DA:258,0
DA:265,10
DA:266,11
DA:289,11
DA:290,11
DA:291,55
DA:292,55
DA:293,55
DA:295,11
DA:301,10
DA:302,13
DA:305,13
DA:306,2
DA:308,13
DA:309,1
DA:311,13
DA:312,0
DA:314,13
DA:315,0
DA:317,13
DA:318,0
DA:322,13
DA:323,2
DA:326,13
DA:327,5
DA:332,8
DA:347,10
DA:348,7
DA:350,7
DA:352,7
DA:353,1
DA:357,6
DA:358,0
DA:362,6
DA:365,6
DA:366,0
DA:371,6
DA:373,2
DA:374,2
DA:375,1
DA:378,1
DA:388,4
DA:390,4
DA:398,4
DA:400,6
DA:401,4
DA:403,6
DA:405,4
DA:408,4
DA:409,4
DA:411,4
DA:412,6
DA:413,1
DA:414,1
DA:416,5
DA:421,4
DA:422,5
DA:423,5
DA:431,4
DA:432,4
DA:436,4
DA:439,0
DA:440,0
DA:441,0
DA:445,0
DA:447,0
DA:448,0
DA:458,4
DA:459,1
DA:461,1
DA:467,4
DA:469,4
DA:478,0
DA:479,0
DA:480,0
DA:482,7
DA:487,10
LF:182
LH:152
BRDA:14,0,0,1
BRDA:14,0,1,3
BRDA:14,1,0,4
BRDA:14,1,1,4
BRDA:14,1,2,4
BRDA:14,1,3,3
BRDA:14,1,4,3
BRDA:24,2,0,1
BRDA:24,2,1,2
BRDA:56,3,0,2
BRDA:56,4,0,2
BRDA:63,5,0,1
BRDA:63,5,1,2
BRDA:110,6,0,1
BRDA:110,6,1,3
BRDA:115,7,0,1
BRDA:115,7,1,2
BRDA:115,8,0,3
BRDA:115,8,1,1
BRDA:121,9,0,1
BRDA:121,9,1,0
BRDA:130,10,0,0
BRDA:130,10,1,2
BRDA:134,11,0,1
BRDA:134,11,1,1
BRDA:138,12,0,1
BRDA:138,12,1,1
BRDA:142,13,0,0
BRDA:142,13,1,2
BRDA:146,14,0,0
BRDA:146,14,1,2
BRDA:151,15,0,1
BRDA:151,15,1,1
BRDA:189,16,0,1
BRDA:189,16,1,2
BRDA:199,17,0,1
BRDA:199,17,1,1
BRDA:233,18,0,1
BRDA:233,18,1,7
BRDA:247,19,0,4
BRDA:247,19,1,7
BRDA:292,20,0,55
BRDA:292,20,1,0
BRDA:292,20,2,0
BRDA:293,21,0,52
BRDA:293,21,1,3
BRDA:305,22,0,2
BRDA:305,22,1,11
BRDA:308,23,0,1
BRDA:308,23,1,12
BRDA:311,24,0,0
BRDA:311,24,1,13
BRDA:314,25,0,0
BRDA:314,25,1,13
BRDA:317,26,0,0
BRDA:317,26,1,13
BRDA:322,27,0,2
BRDA:322,27,1,11
BRDA:322,28,0,13
BRDA:322,28,1,13
BRDA:326,29,0,5
BRDA:326,29,1,8
BRDA:352,30,0,1
BRDA:352,30,1,6
BRDA:357,31,0,0
BRDA:357,31,1,6
BRDA:365,32,0,0
BRDA:365,32,1,6
BRDA:371,33,0,2
BRDA:371,33,1,4
BRDA:371,34,0,6
BRDA:371,34,1,2
BRDA:373,35,0,2
BRDA:373,35,1,2
BRDA:374,36,0,1
BRDA:374,36,1,1
BRDA:398,37,0,4
BRDA:398,37,1,0
BRDA:412,38,0,1
BRDA:412,38,1,5
BRDA:421,39,0,4
BRDA:421,39,1,0
BRDA:458,40,0,1
BRDA:458,40,1,3
BRDA:474,41,0,2
BRDA:474,41,1,2
BRF:86
BRH:73
end_of_record
TN:
SF:controllers/userController.js
FN:5,(anonymous_0)
FN:28,(anonymous_1)
FNF:2
FNH:0
FNDA:0,(anonymous_0)
FNDA:0,(anonymous_1)
DA:1,10
DA:2,10
DA:5,10
DA:6,0
DA:7,0
DA:10,0
DA:16,0
DA:17,0
DA:20,0
DA:22,0
DA:23,0
DA:28,10
DA:29,0
DA:30,0
DA:31,0
DA:34,0
DA:35,0
DA:37,0
DA:38,0
DA:39,0
DA:41,0
DA:43,0
DA:44,0
DA:46,0
DA:47,0
DA:49,0
DA:50,0
DA:51,0
DA:53,0
DA:54,0
DA:55,0
DA:58,0
DA:59,0
DA:62,0
DA:65,0
DA:71,0
DA:77,0
DA:79,0
DA:80,0
DA:84,10
LF:40
LH:5
BRDA:16,0,0,0
BRDA:16,0,1,0
BRDA:37,1,0,0
BRDA:37,1,1,0
BRDA:41,2,0,0
BRDA:41,2,1,0
BRDA:43,3,0,0
BRDA:43,3,1,0
BRDA:43,4,0,0
BRDA:43,4,1,0
BRDA:49,5,0,0
BRDA:49,5,1,0
BRDA:53,6,0,0
BRDA:53,6,1,0
BRDA:58,7,0,0
BRDA:58,7,1,0
BRF:16
BRH:0
end_of_record
TN:
SF:middleware/auth.js
FN:13,(anonymous_0)
FN:26,(anonymous_1)
FN:26,(anonymous_2)
FNF:3
FNH:3
FNDA:77,(anonymous_0)
FNDA:120,(anonymous_1)
FNDA:67,(anonymous_2)
DA:1,11
DA:2,11
DA:4,11
DA:7,11
DA:13,11
DA:14,77
DA:15,77
DA:17,71
DA:18,71
DA:19,70
DA:20,70
DA:22,1
DA:26,120
DA:27,67
DA:28,10
DA:30,57
DA:33,11
LF:17
LH:17
BRDA:4,0,0,11
BRDA:4,0,1,0
BRDA:15,1,0,6
BRDA:15,1,1,71
BRDA:27,2,0,10
BRDA:27,2,1,57
BRF:6
BRH:5
end_of_record
TN:
SF:middleware/excelUpload.js
FN:10,(anonymous_0)
FNF:1
FNH:1
FNDA:7,(anonymous_0)
DA:1,10
DA:4,10
DA:12,7
DA:20,7
DA:21,7
DA:23,7
DA:24,6
DA:26,1
DA:31,10
LF:9
LH:9
BRDA:23,0,0,6
BRDA:23,0,1,1
BRDA:23,1,0,7
BRDA:23,1,1,1
BRF:4
BRH:4
end_of_record
TN:
SF:middleware/upload.js
FN:11,(anonymous_0)
FN:12,(anonymous_1)
FN:21,(anonymous_2)
FNF:3
FNH:0
FNDA:0,(anonymous_0)
FNDA:0,(anonymous_1)
FNDA:0,(anonymous_2)
DA:1,10
DA:2,10
DA:3,10
DA:5,10
DA:6,10
DA:7,0
DA:10,10
DA:11,0
DA:13,0
DA:14,0
DA:18,10
DA:22,0
DA:23,0
DA:25,0
DA:30,10
LF:15
LH:8
BRDA:6,0,0,0
BRDA:6,0,1,10
BRDA:22,1,0,0
BRDA:22,1,1,0
BRF:4
BRH:1
end_of_record
TN:
SF:routes/admin.js
FNF:0
FNH:0
DA:1,10
DA:2,10
DA:3,10
DA:9,10
DA:11,10
DA:12,10
DA:14,10
DA:15,10
DA:16,10
DA:17,10
DA:19,10
LF:11
LH:11
BRF:0
BRH:0
end_of_record
TN:
SF:routes/announcements.js
FNF:0
FNH:0
DA:1,10
DA:2,10
DA:3,10
DA:9,10
DA:12,10
DA:15,10
DA:16,10
DA:17,10
DA:19,10
LF:9
LH:9
BRF:0
BRH:0
end_of_record
TN:
SF:routes/auth.js
FNF:0
FNH:0
DA:1,10
DA:2,10
DA:3,10
DA:5,10
DA:6,10
DA:7,10
DA:9,10
LF:7
LH:7
BRF:0
BRH:0
end_of_record
TN:
SF:routes/evaluations.js
FNF:0
FNH:0
DA:1,10
DA:2,10
DA:3,10
DA:4,10
DA:7,10
DA:8,10
DA:11,10
DA:13,10
LF:8
LH:8
BRF:0
BRH:0
end_of_record
TN:
SF:routes/orders.js
FNF:0
FNH:0
DA:1,10
DA:2,10
DA:3,10
DA:4,10
DA:6,10
DA:8,10
DA:9,10
DA:10,10
DA:11,10
DA:12,10
DA:13,10
DA:15,10
LF:12
LH:12
BRF:0
BRH:0
end_of_record
TN:
SF:routes/repairman.js
FNF:0
FNH:0
DA:1,10
DA:2,10
DA:3,10
DA:4,10
DA:7,10
DA:8,10
DA:11,10
DA:14,10
DA:17,10
DA:20,10
DA:22,10
LF:11
LH:11
BRF:0
BRH:0
end_of_record
TN:
SF:routes/resident.js
FNF:0
FNH:0
DA:1,10
DA:2,10
DA:3,10
DA:10,10
DA:11,10
DA:14,10
DA:15,10
DA:18,10
DA:19,10
DA:20,10
DA:21,10
DA:24,10
DA:27,10
LF:13
LH:13
BRF:0
BRH:0
end_of_record
TN:
SF:routes/upload.js
FN:13,(anonymous_0)
FN:25,(anonymous_1)
FN:28,(anonymous_2)
FN:48,(anonymous_3)
FN:88,(anonymous_4)
FN:114,(anonymous_5)
FNF:6
FNH:0
FNDA:0,(anonymous_0)
FNDA:0,(anonymous_1)
FNDA:0,(anonymous_2)
FNDA:0,(anonymous_3)
FNDA:0,(anonymous_4)
FNDA:0,(anonymous_5)
DA:1,10
DA:2,10
DA:3,10
DA:4,10
DA:5,10
DA:13,10
DA:14,0
DA:15,0
DA:16,0
DA:25,10
DA:26,0
DA:27,0
DA:28,0
DA:40,10
DA:49,0
DA:50,0
DA:52,0
DA:53,0
DA:56,0
DA:61,0
DA:63,0
DA:65,0
DA:66,0
DA:80,10
DA:89,0
DA:90,0
DA:92,0
DA:93,0
DA:96,0
DA:101,0
DA:103,0
DA:105,0
DA:106,0
DA:114,10
DA:115,0
DA:116,0
DA:118,0
DA:119,0
DA:121,0
DA:122,0
DA:124,0
DA:125,0
DA:128,10
LF:43
LH:11
BRDA:26,0,0,0
BRDA:26,0,1,0
BRDA:27,1,0,0
BRDA:27,1,1,0
BRDA:52,2,0,0
BRDA:52,2,1,0
BRDA:52,3,0,0
BRDA:52,3,1,0
BRDA:52,3,2,0
BRDA:57,4,0,0
BRDA:57,4,1,0
BRDA:58,5,0,0
BRDA:58,5,1,0
BRDA:92,6,0,0
BRDA:92,6,1,0
BRDA:92,7,0,0
BRDA:92,7,1,0
BRDA:92,7,2,0
BRDA:97,8,0,0
BRDA:97,8,1,0
BRDA:98,9,0,0
BRDA:98,9,1,0
BRDA:115,10,0,0
BRDA:115,10,1,0
BRDA:118,11,0,0
BRDA:118,11,1,0
BRDA:121,12,0,0
BRDA:121,12,1,0
BRF:28
BRH:0
end_of_record
TN:
SF:routes/user.js
FNF:0
FNH:0
DA:1,10
DA:2,10
DA:3,10
DA:4,10
DA:6,10
DA:8,10
DA:9,10
DA:11,10
LF:8
LH:8
BRF:0
BRH:0
end_of_record
TN:
SF:utils/response.js
FN:1,(anonymous_0)
FN:5,(anonymous_1)
FNF:2
FNH:2
FNDA:41,(anonymous_0)
FNDA:69,(anonymous_1)
DA:1,11
DA:2,41
DA:5,11
DA:6,69
DA:7,69
DA:8,6
DA:10,69
DA:13,11
LF:8
LH:8
BRDA:1,0,0,0
BRDA:1,1,0,39
BRDA:5,2,0,0
BRDA:5,3,0,0
BRDA:5,4,0,63
BRDA:7,5,0,6
BRDA:7,5,1,63
BRF:7
BRH:4
end_of_record
